Exporter version: 5.6.2, Blender version: 2.79 (sub 0)
========= Conversion from Blender to Babylon.js =========
	Scene settings used:
		selected layers only:  false
		inline textures:  false
		Positions Precision :  4
		Normals Precision   :  3
		UVs Precision       :  3
		Vert Color Precision:  3
		Mat Weight Precision:  2
		texture directory:  C:\Users\Bukhari29\Desktop\bukidev.github.io\world\map\
	Python World class constructor completed
	processing begun of camera (UniversalCamera):  Camera
	processing begun of mesh:  Cube.003
		processing begun of Standard material:  Material.003
		num positions      :  8
		num normals        :  8
		num uvs            :  0
		num uvs2           :  0
		num colors         :  0
		num indices        :  36
	processing begun of mesh:  Cube.002
		mesh is an instance of :  Cube.003.  Processing halted.
	processing begun of mesh:  Cube.001
		mesh is an instance of :  Cube.003.  Processing halted.
	processing begun of mesh:  Cube
		mesh is an instance of :  Cube.003.  Processing halted.
	processing begun of mesh:  Plane
		processing begun of Standard material:  Material
			Diffuse texture found "Texture.001"
				Image texture found, type:  diffuseTexture, mapped using: "UVMap"
	WARNING: Error encountered processing image file:  , Error:  'C:\\Users\\Bukhari29\\Desktop\\bukidev.github.io\\world\\map\\grass.jpg' and 'C:\\Users\\Bukhari29\\Desktop\\bukidev.github.io\\world\\map\\grass.jpg' are the same file
		num positions      :  4
		num normals        :  4
		num uvs            :  8
		num uvs2           :  0
		num colors         :  0
		num indices        :  6
	processing begun of light (SUN):  Sun
========= Writing of scene file started =========
========= Writing of scene file completed =========
========= end of processing =========
elapsed time:  0 min, 0.053 secs
